<?xml version="1.0" encoding="UTF-8"?>
<!-- Generated by org.testng.reporters.JUnitXMLReporter -->
<testsuite ignored="0" hostname="LAPTOP-BBN9GDG1" failures="0" tests="5" name="Command line test" time="6.169" errors="0" timestamp="2022-06-06T20:04:05 TRT">
  <testcase classname="Tests.BaseTest" name="clickTableButton" time="1.251"/>
  <testcase classname="Tests.BaseTest" name="selectLeague" time="1.191"/>
  <testcase classname="Tests.BaseTest" name="selectSeason" time="2.15"/>
  <testcase classname="Tests.BaseTest" name="selectChampion" time="0.063"/>
  <testcase classname="Tests.BaseTest" name="checkChampion" time="1.486"/>
</testsuite> <!-- Command line test -->
